This file contains any messages produced by compilers while
running configure, to aid debugging if configure makes a mistake.

It was created by configure, which was
generated by GNU Autoconf 2.69.  Invocation command line was

  $ ./configure --enable-png-shared=no --enable-jpg-shared=no CFLAGS=-I/opt/lib/libjpeg-turbo/include LDFLAGS=-L/opt/lib/libjpeg-turbo/lib32 --no-create --no-recursion

## --------- ##
## Platform. ##
## --------- ##

hostname = raspberrypi-lomorage
uname -m = armv6l
uname -r = 4.19.66+
uname -s = Linux
uname -v = #1253 Thu Aug 15 11:37:30 BST 2019

/usr/bin/uname -p = unknown
/bin/uname -X     = unknown

/bin/arch              = unknown
/usr/bin/arch -k       = unknown
/usr/convex/getsysinfo = unknown
/usr/bin/hostinfo      = unknown
/bin/machine           = unknown
/usr/bin/oslevel       = unknown
/bin/universe          = unknown

PATH: /home/pi/.local/bin
PATH: /usr/local/sbin
PATH: /usr/local/bin
PATH: /usr/sbin
PATH: /usr/bin
PATH: /sbin
PATH: /bin
PATH: /usr/local/games
PATH: /usr/games


## ----------- ##
## Core tests. ##
## ----------- ##

configure:2557: checking build system type
configure:2571: result: armv6l-unknown-linux-gnueabi
configure:2591: checking host system type
configure:2604: result: armv6l-unknown-linux-gnueabi
configure:2675: checking for gcc
configure:2691: found /usr/bin/gcc
configure:2702: result: gcc
configure:2931: checking for C compiler version
configure:2940: gcc --version >&5
gcc (Raspbian 8.3.0-6+rpi1) 8.3.0
Copyright (C) 2018 Free Software Foundation, Inc.
This is free software; see the source for copying conditions.  There is NO
warranty; not even for MERCHANTABILITY or FITNESS FOR A PARTICULAR PURPOSE.

configure:2951: $? = 0
configure:2940: gcc -v >&5
Using built-in specs.
COLLECT_GCC=gcc
COLLECT_LTO_WRAPPER=/usr/lib/gcc/arm-linux-gnueabihf/8/lto-wrapper
Target: arm-linux-gnueabihf
Configured with: ../src/configure -v --with-pkgversion='Raspbian 8.3.0-6+rpi1' --with-bugurl=file:///usr/share/doc/gcc-8/README.Bugs --enable-languages=c,ada,c++,go,d,fortran,objc,obj-c++ --prefix=/usr --with-gcc-major-version-only --program-suffix=-8 --program-prefix=arm-linux-gnueabihf- --enable-shared --enable-linker-build-id --libexecdir=/usr/lib --without-included-gettext --enable-threads=posix --libdir=/usr/lib --enable-nls --enable-bootstrap --enable-clocale=gnu --enable-libstdcxx-debug --enable-libstdcxx-time=yes --with-default-libstdcxx-abi=new --enable-gnu-unique-object --disable-libitm --disable-libquadmath --disable-libquadmath-support --enable-plugin --with-system-zlib --with-target-system-zlib --enable-objc-gc=auto --enable-multiarch --disable-sjlj-exceptions --with-arch=armv6 --with-fpu=vfp --with-float=hard --disable-werror --enable-checking=release --build=arm-linux-gnueabihf --host=arm-linux-gnueabihf --target=arm-linux-gnueabihf
Thread model: posix
gcc version 8.3.0 (Raspbian 8.3.0-6+rpi1) 
configure:2951: $? = 0
configure:2940: gcc -V >&5
gcc: error: unrecognized command line option '-V'
gcc: fatal error: no input files
compilation terminated.
configure:2951: $? = 1
configure:2940: gcc -qversion >&5
gcc: error: unrecognized command line option '-qversion'; did you mean '--version'?
gcc: fatal error: no input files
compilation terminated.
configure:2951: $? = 1
configure:2971: checking whether the C compiler works
configure:2993: gcc -I/opt/lib/libjpeg-turbo/include  -L/opt/lib/libjpeg-turbo/lib32 conftest.c  >&5
configure:2997: $? = 0
configure:3045: result: yes
configure:3048: checking for C compiler default output file name
configure:3050: result: a.out
configure:3056: checking for suffix of executables
configure:3063: gcc -o conftest -I/opt/lib/libjpeg-turbo/include  -L/opt/lib/libjpeg-turbo/lib32 conftest.c  >&5
configure:3067: $? = 0
configure:3089: result: 
configure:3111: checking whether we are cross compiling
configure:3119: gcc -o conftest -I/opt/lib/libjpeg-turbo/include  -L/opt/lib/libjpeg-turbo/lib32 conftest.c  >&5
configure:3123: $? = 0
configure:3130: ./conftest
configure:3134: $? = 0
configure:3122: result: no
configure:3127: checking for suffix of object files
configure:3149: gcc -c -I/opt/lib/libjpeg-turbo/include  conftest.c >&5
configure:3153: $? = 0
configure:3174: result: o
configure:3178: checking whether we are using the GNU C compiler
configure:3197: gcc -c -I/opt/lib/libjpeg-turbo/include  conftest.c >&5
configure:3197: $? = 0
configure:3206: result: yes
configure:3215: checking whether gcc accepts -g
configure:3235: gcc -c -g  conftest.c >&5
configure:3235: $? = 0
configure:3276: result: yes
configure:3293: checking for gcc option to accept ISO C89
configure:3356: gcc  -c -I/opt/lib/libjpeg-turbo/include  conftest.c >&5
configure:3356: $? = 0
configure:3369: result: none needed
configure:3394: checking whether gcc understands -c and -o together
configure:3416: gcc -c conftest.c -o conftest2.o
configure:3419: $? = 0
configure:3416: gcc -c conftest.c -o conftest2.o
configure:3419: $? = 0
configure:3431: result: yes
configure:3448: checking for a sed that does not truncate output
configure:3512: result: /bin/sed
configure:3530: checking for grep that handles long lines and -e
configure:3588: result: /bin/grep
configure:3593: checking for egrep
configure:3655: result: /bin/grep -E
configure:3660: checking for fgrep
configure:3722: result: /bin/grep -F
configure:3757: checking for ld used by gcc
configure:3824: result: /usr/bin/ld
configure:3831: checking if the linker (/usr/bin/ld) is GNU ld
configure:3846: result: yes
configure:3858: checking for BSD- or MS-compatible name lister (nm)
configure:3907: result: /usr/bin/nm -B
configure:4025: checking the name lister (/usr/bin/nm -B) interface
configure:4063: gcc -c -I/opt/lib/libjpeg-turbo/include  conftest.c >&5
configure:4066: /usr/bin/nm -B "conftest.o"
configure:4069: output
00000000 B some_variable
configure:4039: result: BSD nm
configure:4042: checking whether ln -s works
configure:4046: result: yes
configure:4054: checking the maximum length of command line arguments
configure:4180: result: 1572864
configure:4197: checking whether the shell understands some XSI constructs
configure:4206: result: yes
configure:4210: checking whether the shell understands "+="
configure:4214: result: yes
configure:4249: checking for /usr/bin/ld option to reload object files
configure:4256: result: -r
configure:4325: checking for objdump
configure:4341: found /usr/bin/objdump
configure:4352: result: objdump
configure:4381: checking how to recognize dependent libraries
configure:4579: result: pass_all
configure:4639: checking for ar
configure:4655: found /usr/bin/ar
configure:4666: result: ar
configure:4744: checking for strip
configure:4760: found /usr/bin/strip
configure:4771: result: strip
configure:4843: checking for ranlib
configure:4859: found /usr/bin/ranlib
configure:4870: result: ranlib
configure:4960: checking command to parse /usr/bin/nm -B output from gcc object
configure:5078: gcc -c -I/opt/lib/libjpeg-turbo/include  conftest.c >&5
configure:5081: $? = 0
configure:5085: /usr/bin/nm -B conftest.o \| sed -n -e 's/^.*[	 ]\([ABCDGIRSTW][ABCDGIRSTW]*\)[	 ][	 ]*\([_A-Za-z][_A-Za-z0-9]*\)$/\1 \2 \2/p' \> conftest.nm
configure:5088: $? = 0
configure:5142: gcc -o conftest -I/opt/lib/libjpeg-turbo/include  -L/opt/lib/libjpeg-turbo/lib32 conftest.c conftstm.o >&5
configure:5145: $? = 0
configure:5183: result: ok
configure:5992: checking how to run the C preprocessor
configure:6023: gcc -E  conftest.c
configure:6023: $? = 0
configure:6037: gcc -E  conftest.c
conftest.c:9:10: fatal error: ac_nonexistent.h: No such file or directory
 #include <ac_nonexistent.h>
          ^~~~~~~~~~~~~~~~~~
compilation terminated.
configure:6037: $? = 1
configure: failed program was:
| /* confdefs.h */
| #define PACKAGE_NAME ""
| #define PACKAGE_TARNAME ""
| #define PACKAGE_VERSION ""
| #define PACKAGE_STRING ""
| #define PACKAGE_BUGREPORT ""
| #define PACKAGE_URL ""
| /* end confdefs.h.  */
| #include <ac_nonexistent.h>
configure:6062: result: gcc -E
configure:6082: gcc -E  conftest.c
configure:6082: $? = 0
configure:6096: gcc -E  conftest.c
conftest.c:9:10: fatal error: ac_nonexistent.h: No such file or directory
 #include <ac_nonexistent.h>
          ^~~~~~~~~~~~~~~~~~
compilation terminated.
configure:6096: $? = 1
configure: failed program was:
| /* confdefs.h */
| #define PACKAGE_NAME ""
| #define PACKAGE_TARNAME ""
| #define PACKAGE_VERSION ""
| #define PACKAGE_STRING ""
| #define PACKAGE_BUGREPORT ""
| #define PACKAGE_URL ""
| /* end confdefs.h.  */
| #include <ac_nonexistent.h>
configure:6125: checking for ANSI C header files
configure:6145: gcc -c -I/opt/lib/libjpeg-turbo/include  conftest.c >&5
configure:6145: $? = 0
configure:6218: gcc -o conftest -I/opt/lib/libjpeg-turbo/include  -L/opt/lib/libjpeg-turbo/lib32 conftest.c  >&5
configure:6218: $? = 0
configure:6218: ./conftest
configure:6218: $? = 0
configure:6229: result: yes
configure:6242: checking for sys/types.h
configure:6242: gcc -c -I/opt/lib/libjpeg-turbo/include  conftest.c >&5
configure:6242: $? = 0
configure:6242: result: yes
configure:6242: checking for sys/stat.h
configure:6242: gcc -c -I/opt/lib/libjpeg-turbo/include  conftest.c >&5
configure:6242: $? = 0
configure:6242: result: yes
configure:6242: checking for stdlib.h
configure:6242: gcc -c -I/opt/lib/libjpeg-turbo/include  conftest.c >&5
configure:6242: $? = 0
configure:6242: result: yes
configure:6242: checking for string.h
configure:6242: gcc -c -I/opt/lib/libjpeg-turbo/include  conftest.c >&5
configure:6242: $? = 0
configure:6242: result: yes
configure:6242: checking for memory.h
configure:6242: gcc -c -I/opt/lib/libjpeg-turbo/include  conftest.c >&5
configure:6242: $? = 0
configure:6242: result: yes
configure:6242: checking for strings.h
configure:6242: gcc -c -I/opt/lib/libjpeg-turbo/include  conftest.c >&5
configure:6242: $? = 0
configure:6242: result: yes
configure:6242: checking for inttypes.h
configure:6242: gcc -c -I/opt/lib/libjpeg-turbo/include  conftest.c >&5
configure:6242: $? = 0
configure:6242: result: yes
configure:6242: checking for stdint.h
configure:6242: gcc -c -I/opt/lib/libjpeg-turbo/include  conftest.c >&5
configure:6242: $? = 0
configure:6242: result: yes
configure:6242: checking for unistd.h
configure:6242: gcc -c -I/opt/lib/libjpeg-turbo/include  conftest.c >&5
configure:6242: $? = 0
configure:6242: result: yes
configure:6256: checking for dlfcn.h
configure:6256: gcc -c -I/opt/lib/libjpeg-turbo/include  conftest.c >&5
configure:6256: $? = 0
configure:6256: result: yes
configure:6738: checking for objdir
configure:6753: result: .libs
configure:7049: checking if gcc supports -fno-rtti -fno-exceptions
configure:7107: gcc -c -I/opt/lib/libjpeg-turbo/include  -fno-rtti -fno-exceptions conftest.c >&5
cc1: warning: command line option '-fno-rtti' is valid for C++/ObjC++ but not for C
configure:7111: $? = 0
configure:7084: result: no
configure:7104: checking for gcc option to produce PIC
configure:7376: result: -fPIC -DPIC
configure:7388: checking if gcc PIC flag -fPIC -DPIC works
configure:7446: gcc -c -I/opt/lib/libjpeg-turbo/include  -fPIC -DPIC -DPIC conftest.c >&5
configure:7450: $? = 0
configure:7423: result: yes
configure:7447: checking if gcc static flag -static works
configure:7475: result: yes
configure:7490: checking if gcc supports -c -o file.o
configure:7551: gcc -c -I/opt/lib/libjpeg-turbo/include  -o out/conftest2.o conftest.c >&5
configure:7555: $? = 0
configure:7537: result: yes
configure:7545: checking if gcc supports -c -o file.o
configure:7592: result: yes
configure:7625: checking whether the gcc linker (/usr/bin/ld) supports shared libraries
configure:8611: result: yes
configure:8648: checking whether -lc should be explicitly linked in
configure:8653: gcc -c -I/opt/lib/libjpeg-turbo/include  conftest.c >&5
configure:8656: $? = 0
configure:8671: gcc -shared conftest.o  -v -Wl,-soname -Wl,conftest -o conftest 2\>\&1 \| /bin/grep  -lc  \>/dev/null 2\>\&1
configure:8674: $? = 0
configure:8686: result: no
configure:8850: checking dynamic linker characteristics
configure:9285: gcc -o conftest -I/opt/lib/libjpeg-turbo/include  -L/opt/lib/libjpeg-turbo/lib32 -Wl,-rpath -Wl,/foo conftest.c  >&5
configure:9285: $? = 0
configure:9503: result: GNU/Linux ld.so
configure:9605: checking how to hardcode library paths into programs
configure:9630: result: immediate
configure:10150: checking whether stripping libraries is possible
configure:10155: result: yes
configure:10190: checking if libtool supports shared libraries
configure:10192: result: yes
configure:10195: checking whether to build shared libraries
configure:10216: result: yes
configure:10219: checking whether to build static libraries
configure:10223: result: yes
configure:7570: checking for a BSD-compatible install
configure:7638: result: /usr/bin/install -c
configure:7649: checking whether build environment is sane
configure:7704: result: yes
configure:7737: WARNING: 'missing' script is too old or missing
configure:7850: checking for a thread-safe mkdir -p
configure:7889: result: /bin/mkdir -p
configure:7896: checking for gawk
configure:7926: result: no
configure:7896: checking for mawk
configure:7912: found /usr/bin/mawk
configure:7923: result: mawk
configure:7934: checking whether make sets $(MAKE)
configure:7956: result: yes
configure:7978: checking whether make supports the include directive
configure:7993: make -f confmf.GNU && cat confinc.out
make[1]: Entering directory '/home/pi/SDL_image-1.2.12'
make[1]: Leaving directory '/home/pi/SDL_image-1.2.12'
this is the am__doit target
configure:7996: $? = 0
configure:8015: result: yes (GNU style)
configure:8048: checking whether make supports nested variables
configure:8065: result: yes
configure:8151: checking dependency style of gcc
configure:8262: result: gcc3
configure:8370: checking for gcc
configure:8397: result: gcc
configure:8626: checking for C compiler version
configure:8635: gcc --version >&5
gcc (Raspbian 8.3.0-6+rpi1) 8.3.0
Copyright (C) 2018 Free Software Foundation, Inc.
This is free software; see the source for copying conditions.  There is NO
warranty; not even for MERCHANTABILITY or FITNESS FOR A PARTICULAR PURPOSE.

configure:8646: $? = 0
configure:8635: gcc -v >&5
Using built-in specs.
COLLECT_GCC=gcc
COLLECT_LTO_WRAPPER=/usr/lib/gcc/arm-linux-gnueabihf/8/lto-wrapper
Target: arm-linux-gnueabihf
Configured with: ../src/configure -v --with-pkgversion='Raspbian 8.3.0-6+rpi1' --with-bugurl=file:///usr/share/doc/gcc-8/README.Bugs --enable-languages=c,ada,c++,go,d,fortran,objc,obj-c++ --prefix=/usr --with-gcc-major-version-only --program-suffix=-8 --program-prefix=arm-linux-gnueabihf- --enable-shared --enable-linker-build-id --libexecdir=/usr/lib --without-included-gettext --enable-threads=posix --libdir=/usr/lib --enable-nls --enable-bootstrap --enable-clocale=gnu --enable-libstdcxx-debug --enable-libstdcxx-time=yes --with-default-libstdcxx-abi=new --enable-gnu-unique-object --disable-libitm --disable-libquadmath --disable-libquadmath-support --enable-plugin --with-system-zlib --with-target-system-zlib --enable-objc-gc=auto --enable-multiarch --disable-sjlj-exceptions --with-arch=armv6 --with-fpu=vfp --with-float=hard --disable-werror --enable-checking=release --build=arm-linux-gnueabihf --host=arm-linux-gnueabihf --target=arm-linux-gnueabihf
Thread model: posix
gcc version 8.3.0 (Raspbian 8.3.0-6+rpi1) 
configure:8646: $? = 0
configure:8635: gcc -V >&5
gcc: error: unrecognized command line option '-V'
gcc: fatal error: no input files
compilation terminated.
configure:8646: $? = 1
configure:8635: gcc -qversion >&5
gcc: error: unrecognized command line option '-qversion'; did you mean '--version'?
gcc: fatal error: no input files
compilation terminated.
configure:8646: $? = 1
configure:8650: checking whether we are using the GNU C compiler
configure:8678: result: yes
configure:8687: checking whether gcc accepts -g
configure:8748: result: yes
configure:8765: checking for gcc option to accept ISO C89
configure:8841: result: none needed
configure:8866: checking whether gcc understands -c and -o together
configure:8903: result: yes
configure:8974: checking for gcc
configure:8990: found /usr/bin/gcc
configure:9001: result: gcc
configure:9026: checking for Objective C compiler version
configure:9035: gcc --version >&5
gcc (Raspbian 8.3.0-6+rpi1) 8.3.0
Copyright (C) 2018 Free Software Foundation, Inc.
This is free software; see the source for copying conditions.  There is NO
warranty; not even for MERCHANTABILITY or FITNESS FOR A PARTICULAR PURPOSE.

configure:9046: $? = 0
configure:9035: gcc -v >&5
Using built-in specs.
COLLECT_GCC=gcc
COLLECT_LTO_WRAPPER=/usr/lib/gcc/arm-linux-gnueabihf/8/lto-wrapper
Target: arm-linux-gnueabihf
Configured with: ../src/configure -v --with-pkgversion='Raspbian 8.3.0-6+rpi1' --with-bugurl=file:///usr/share/doc/gcc-8/README.Bugs --enable-languages=c,ada,c++,go,d,fortran,objc,obj-c++ --prefix=/usr --with-gcc-major-version-only --program-suffix=-8 --program-prefix=arm-linux-gnueabihf- --enable-shared --enable-linker-build-id --libexecdir=/usr/lib --without-included-gettext --enable-threads=posix --libdir=/usr/lib --enable-nls --enable-bootstrap --enable-clocale=gnu --enable-libstdcxx-debug --enable-libstdcxx-time=yes --with-default-libstdcxx-abi=new --enable-gnu-unique-object --disable-libitm --disable-libquadmath --disable-libquadmath-support --enable-plugin --with-system-zlib --with-target-system-zlib --enable-objc-gc=auto --enable-multiarch --disable-sjlj-exceptions --with-arch=armv6 --with-fpu=vfp --with-float=hard --disable-werror --enable-checking=release --build=arm-linux-gnueabihf --host=arm-linux-gnueabihf --target=arm-linux-gnueabihf
Thread model: posix
gcc version 8.3.0 (Raspbian 8.3.0-6+rpi1) 
configure:9046: $? = 0
configure:9035: gcc -V >&5
gcc: error: unrecognized command line option '-V'
gcc: fatal error: no input files
compilation terminated.
configure:9046: $? = 1
configure:9035: gcc -qversion >&5
gcc: error: unrecognized command line option '-qversion'; did you mean '--version'?
gcc: fatal error: no input files
compilation terminated.
configure:9046: $? = 1
configure:9050: checking whether we are using the GNU Objective C compiler
configure:9069: gcc -c   conftest.m >&5
gcc: error trying to exec 'cc1obj': execvp: No such file or directory
configure:9069: $? = 1
configure: failed program was:
| /* confdefs.h */
| #define PACKAGE_NAME ""
| #define PACKAGE_TARNAME ""
| #define PACKAGE_VERSION ""
| #define PACKAGE_STRING ""
| #define PACKAGE_BUGREPORT ""
| #define PACKAGE_URL ""
| #define STDC_HEADERS 1
| #define HAVE_SYS_TYPES_H 1
| #define HAVE_SYS_STAT_H 1
| #define HAVE_STDLIB_H 1
| #define HAVE_STRING_H 1
| #define HAVE_MEMORY_H 1
| #define HAVE_STRINGS_H 1
| #define HAVE_INTTYPES_H 1
| #define HAVE_STDINT_H 1
| #define HAVE_UNISTD_H 1
| #define HAVE_DLFCN_H 1
| #define LT_OBJDIR ".libs/"
| #define PACKAGE "SDL_image"
| #define VERSION "1.2.12"
| /* end confdefs.h.  */
| 
| int
| main ()
| {
| #ifndef __GNUC__
|        choke me
| #endif
| 
|   ;
|   return 0;
| }
configure:9078: result: no
configure:9087: checking whether gcc accepts -g
configure:9107: gcc -c -g  conftest.m >&5
gcc: error trying to exec 'cc1obj': execvp: No such file or directory
configure:9107: $? = 1
configure: failed program was:
| /* confdefs.h */
| #define PACKAGE_NAME ""
| #define PACKAGE_TARNAME ""
| #define PACKAGE_VERSION ""
| #define PACKAGE_STRING ""
| #define PACKAGE_BUGREPORT ""
| #define PACKAGE_URL ""
| #define STDC_HEADERS 1
| #define HAVE_SYS_TYPES_H 1
| #define HAVE_SYS_STAT_H 1
| #define HAVE_STDLIB_H 1
| #define HAVE_STRING_H 1
| #define HAVE_MEMORY_H 1
| #define HAVE_STRINGS_H 1
| #define HAVE_INTTYPES_H 1
| #define HAVE_STDINT_H 1
| #define HAVE_UNISTD_H 1
| #define HAVE_DLFCN_H 1
| #define LT_OBJDIR ".libs/"
| #define PACKAGE "SDL_image"
| #define VERSION "1.2.12"
| /* end confdefs.h.  */
| 
| int
| main ()
| {
| 
|   ;
|   return 0;
| }
configure:9122: gcc -c   conftest.m >&5
gcc: error trying to exec 'cc1obj': execvp: No such file or directory
configure:9122: $? = 1
configure: failed program was:
| /* confdefs.h */
| #define PACKAGE_NAME ""
| #define PACKAGE_TARNAME ""
| #define PACKAGE_VERSION ""
| #define PACKAGE_STRING ""
| #define PACKAGE_BUGREPORT ""
| #define PACKAGE_URL ""
| #define STDC_HEADERS 1
| #define HAVE_SYS_TYPES_H 1
| #define HAVE_SYS_STAT_H 1
| #define HAVE_STDLIB_H 1
| #define HAVE_STRING_H 1
| #define HAVE_MEMORY_H 1
| #define HAVE_STRINGS_H 1
| #define HAVE_INTTYPES_H 1
| #define HAVE_STDINT_H 1
| #define HAVE_UNISTD_H 1
| #define HAVE_DLFCN_H 1
| #define LT_OBJDIR ".libs/"
| #define PACKAGE "SDL_image"
| #define VERSION "1.2.12"
| /* end confdefs.h.  */
| 
| int
| main ()
| {
| 
|   ;
|   return 0;
| }
configure:9138: gcc -c -g  conftest.m >&5
gcc: error trying to exec 'cc1obj': execvp: No such file or directory
configure:9138: $? = 1
configure: failed program was:
| /* confdefs.h */
| #define PACKAGE_NAME ""
| #define PACKAGE_TARNAME ""
| #define PACKAGE_VERSION ""
| #define PACKAGE_STRING ""
| #define PACKAGE_BUGREPORT ""
| #define PACKAGE_URL ""
| #define STDC_HEADERS 1
| #define HAVE_SYS_TYPES_H 1
| #define HAVE_SYS_STAT_H 1
| #define HAVE_STDLIB_H 1
| #define HAVE_STRING_H 1
| #define HAVE_MEMORY_H 1
| #define HAVE_STRINGS_H 1
| #define HAVE_INTTYPES_H 1
| #define HAVE_STDINT_H 1
| #define HAVE_UNISTD_H 1
| #define HAVE_DLFCN_H 1
| #define LT_OBJDIR ".libs/"
| #define PACKAGE "SDL_image"
| #define VERSION "1.2.12"
| /* end confdefs.h.  */
| 
| int
| main ()
| {
| 
|   ;
|   return 0;
| }
configure:9148: result: no
configure:9173: checking dependency style of gcc
configure:9282: result: gcc3
configure:9297: checking for inline
configure:9313: gcc -c -I/opt/lib/libjpeg-turbo/include  conftest.c >&5
configure:9313: $? = 0
configure:9321: result: inline
configure:9340: checking whether make sets $(MAKE)
configure:9362: result: yes
configure:9380: checking for windres
configure:9410: result: no
configure:9380: checking for linux-gnueabi-windres
configure:9410: result: no
configure:9542: checking for pkg-config
configure:9560: found /usr/bin/pkg-config
configure:9572: result: /usr/bin/pkg-config
configure:9597: checking pkg-config is at least version 0.9.0
configure:9600: result: yes
configure:9638: checking for SDL
configure:9646: $PKG_CONFIG --exists --print-errors "sdl >= $min_sdl_version"
configure:9649: $? = 0
configure:9664: $PKG_CONFIG --exists --print-errors "sdl >= $min_sdl_version"
configure:9667: $? = 0
configure:9709: result: yes
configure:10088: checking jpeglib.h usability
configure:10088: gcc -c -I/opt/lib/libjpeg-turbo/include -D_GNU_SOURCE=1 -D_REENTRANT -I/usr/include/SDL  conftest.c >&5
configure:10088: $? = 0
configure:10088: result: yes
configure:10088: checking jpeglib.h presence
configure:10088: gcc -E  conftest.c
configure:10088: $? = 0
configure:10088: result: yes
configure:10088: checking for jpeglib.h
configure:10088: result: yes
configure:10094: checking for jpeg_CreateDecompress in -ljpeg
configure:10119: gcc -o conftest -I/opt/lib/libjpeg-turbo/include -D_GNU_SOURCE=1 -D_REENTRANT -I/usr/include/SDL  -L/opt/lib/libjpeg-turbo/lib32 conftest.c -ljpeg   -lSDL >&5
configure:10119: $? = 0
configure:10128: result: yes
configure:10169: checking for LIBPNG
configure:10177: $PKG_CONFIG --exists --print-errors "libpng"
configure:10180: $? = 0
configure:10195: $PKG_CONFIG --exists --print-errors "libpng"
configure:10198: $? = 0
configure:10326: result: yes
configure:10366: checking tiffio.h usability
configure:10366: gcc -c -I/usr/local/include/libpng16 -I/opt/lib/libjpeg-turbo/include -D_GNU_SOURCE=1 -D_REENTRANT -I/usr/include/SDL  conftest.c >&5
conftest.c:58:10: fatal error: tiffio.h: No such file or directory
 #include <tiffio.h>
          ^~~~~~~~~~
compilation terminated.
configure:10366: $? = 1
configure: failed program was:
| /* confdefs.h */
| #define PACKAGE_NAME ""
| #define PACKAGE_TARNAME ""
| #define PACKAGE_VERSION ""
| #define PACKAGE_STRING ""
| #define PACKAGE_BUGREPORT ""
| #define PACKAGE_URL ""
| #define STDC_HEADERS 1
| #define HAVE_SYS_TYPES_H 1
| #define HAVE_SYS_STAT_H 1
| #define HAVE_STDLIB_H 1
| #define HAVE_STRING_H 1
| #define HAVE_MEMORY_H 1
| #define HAVE_STRINGS_H 1
| #define HAVE_INTTYPES_H 1
| #define HAVE_STDINT_H 1
| #define HAVE_UNISTD_H 1
| #define HAVE_DLFCN_H 1
| #define LT_OBJDIR ".libs/"
| #define PACKAGE "SDL_image"
| #define VERSION "1.2.12"
| #define LOAD_JPG 1
| #define LOAD_PNG 1
| /* end confdefs.h.  */
| #include <stdio.h>
| #ifdef HAVE_SYS_TYPES_H
| # include <sys/types.h>
| #endif
| #ifdef HAVE_SYS_STAT_H
| # include <sys/stat.h>
| #endif
| #ifdef STDC_HEADERS
| # include <stdlib.h>
| # include <stddef.h>
| #else
| # ifdef HAVE_STDLIB_H
| #  include <stdlib.h>
| # endif
| #endif
| #ifdef HAVE_STRING_H
| # if !defined STDC_HEADERS && defined HAVE_MEMORY_H
| #  include <memory.h>
| # endif
| # include <string.h>
| #endif
| #ifdef HAVE_STRINGS_H
| # include <strings.h>
| #endif
| #ifdef HAVE_INTTYPES_H
| # include <inttypes.h>
| #endif
| #ifdef HAVE_STDINT_H
| # include <stdint.h>
| #endif
| #ifdef HAVE_UNISTD_H
| # include <unistd.h>
| #endif
| #include <tiffio.h>
configure:10366: result: no
configure:10366: checking tiffio.h presence
configure:10366: gcc -E  conftest.c
conftest.c:25:10: fatal error: tiffio.h: No such file or directory
 #include <tiffio.h>
          ^~~~~~~~~~
compilation terminated.
configure:10366: $? = 1
configure: failed program was:
| /* confdefs.h */
| #define PACKAGE_NAME ""
| #define PACKAGE_TARNAME ""
| #define PACKAGE_VERSION ""
| #define PACKAGE_STRING ""
| #define PACKAGE_BUGREPORT ""
| #define PACKAGE_URL ""
| #define STDC_HEADERS 1
| #define HAVE_SYS_TYPES_H 1
| #define HAVE_SYS_STAT_H 1
| #define HAVE_STDLIB_H 1
| #define HAVE_STRING_H 1
| #define HAVE_MEMORY_H 1
| #define HAVE_STRINGS_H 1
| #define HAVE_INTTYPES_H 1
| #define HAVE_STDINT_H 1
| #define HAVE_UNISTD_H 1
| #define HAVE_DLFCN_H 1
| #define LT_OBJDIR ".libs/"
| #define PACKAGE "SDL_image"
| #define VERSION "1.2.12"
| #define LOAD_JPG 1
| #define LOAD_PNG 1
| /* end confdefs.h.  */
| #include <tiffio.h>
configure:10366: result: no
configure:10366: checking for tiffio.h
configure:10366: result: no
configure:10372: checking for TIFFClientOpen in -ltiff
configure:10397: gcc -o conftest -I/usr/local/include/libpng16 -I/opt/lib/libjpeg-turbo/include -D_GNU_SOURCE=1 -D_REENTRANT -I/usr/include/SDL  -L/opt/lib/libjpeg-turbo/lib32 conftest.c -ltiff -lz -ljpeg  -lSDL >&5
/usr/bin/ld: cannot find -ltiff
collect2: error: ld returned 1 exit status
configure:10397: $? = 1
configure: failed program was:
| /* confdefs.h */
| #define PACKAGE_NAME ""
| #define PACKAGE_TARNAME ""
| #define PACKAGE_VERSION ""
| #define PACKAGE_STRING ""
| #define PACKAGE_BUGREPORT ""
| #define PACKAGE_URL ""
| #define STDC_HEADERS 1
| #define HAVE_SYS_TYPES_H 1
| #define HAVE_SYS_STAT_H 1
| #define HAVE_STDLIB_H 1
| #define HAVE_STRING_H 1
| #define HAVE_MEMORY_H 1
| #define HAVE_STRINGS_H 1
| #define HAVE_INTTYPES_H 1
| #define HAVE_STDINT_H 1
| #define HAVE_UNISTD_H 1
| #define HAVE_DLFCN_H 1
| #define LT_OBJDIR ".libs/"
| #define PACKAGE "SDL_image"
| #define VERSION "1.2.12"
| #define LOAD_JPG 1
| #define LOAD_PNG 1
| /* end confdefs.h.  */
| 
| /* Override any GCC internal prototype to avoid an error.
|    Use char because int might match the return type of a GCC
|    builtin and then its argument prototype would still apply.  */
| #ifdef __cplusplus
| extern "C"
| #endif
| char TIFFClientOpen ();
| int
| main ()
| {
| return TIFFClientOpen ();
|   ;
|   return 0;
| }
configure:10406: result: no
configure:10431: WARNING: *** Unable to find Tiff library (http://www.remotesensing.org/libtiff/)
configure:10433: WARNING: TIF image loading disabled
configure:10441: checking for LIBWEBP
configure:10449: $PKG_CONFIG --exists --print-errors "libwebp"
Package libwebp was not found in the pkg-config search path.
Perhaps you should add the directory containing `libwebp.pc'
to the PKG_CONFIG_PATH environment variable
No package 'libwebp' found
configure:10452: $? = 1
configure:10467: $PKG_CONFIG --exists --print-errors "libwebp"
Package libwebp was not found in the pkg-config search path.
Perhaps you should add the directory containing `libwebp.pc'
to the PKG_CONFIG_PATH environment variable
No package 'libwebp' found
configure:10470: $? = 1
No package 'libwebp' found
configure:10498: result: no
configure:10500: checking webp/decode.h usability
configure:10500: gcc -c -I/usr/local/include/libpng16 -I/opt/lib/libjpeg-turbo/include -D_GNU_SOURCE=1 -D_REENTRANT -I/usr/include/SDL  conftest.c >&5
conftest.c:58:10: fatal error: webp/decode.h: No such file or directory
 #include <webp/decode.h>
          ^~~~~~~~~~~~~~~
compilation terminated.
configure:10500: $? = 1
configure: failed program was:
| /* confdefs.h */
| #define PACKAGE_NAME ""
| #define PACKAGE_TARNAME ""
| #define PACKAGE_VERSION ""
| #define PACKAGE_STRING ""
| #define PACKAGE_BUGREPORT ""
| #define PACKAGE_URL ""
| #define STDC_HEADERS 1
| #define HAVE_SYS_TYPES_H 1
| #define HAVE_SYS_STAT_H 1
| #define HAVE_STDLIB_H 1
| #define HAVE_STRING_H 1
| #define HAVE_MEMORY_H 1
| #define HAVE_STRINGS_H 1
| #define HAVE_INTTYPES_H 1
| #define HAVE_STDINT_H 1
| #define HAVE_UNISTD_H 1
| #define HAVE_DLFCN_H 1
| #define LT_OBJDIR ".libs/"
| #define PACKAGE "SDL_image"
| #define VERSION "1.2.12"
| #define LOAD_JPG 1
| #define LOAD_PNG 1
| /* end confdefs.h.  */
| #include <stdio.h>
| #ifdef HAVE_SYS_TYPES_H
| # include <sys/types.h>
| #endif
| #ifdef HAVE_SYS_STAT_H
| # include <sys/stat.h>
| #endif
| #ifdef STDC_HEADERS
| # include <stdlib.h>
| # include <stddef.h>
| #else
| # ifdef HAVE_STDLIB_H
| #  include <stdlib.h>
| # endif
| #endif
| #ifdef HAVE_STRING_H
| # if !defined STDC_HEADERS && defined HAVE_MEMORY_H
| #  include <memory.h>
| # endif
| # include <string.h>
| #endif
| #ifdef HAVE_STRINGS_H
| # include <strings.h>
| #endif
| #ifdef HAVE_INTTYPES_H
| # include <inttypes.h>
| #endif
| #ifdef HAVE_STDINT_H
| # include <stdint.h>
| #endif
| #ifdef HAVE_UNISTD_H
| # include <unistd.h>
| #endif
| #include <webp/decode.h>
configure:10500: result: no
configure:10500: checking webp/decode.h presence
configure:10500: gcc -E  conftest.c
conftest.c:25:10: fatal error: webp/decode.h: No such file or directory
 #include <webp/decode.h>
          ^~~~~~~~~~~~~~~
compilation terminated.
configure:10500: $? = 1
configure: failed program was:
| /* confdefs.h */
| #define PACKAGE_NAME ""
| #define PACKAGE_TARNAME ""
| #define PACKAGE_VERSION ""
| #define PACKAGE_STRING ""
| #define PACKAGE_BUGREPORT ""
| #define PACKAGE_URL ""
| #define STDC_HEADERS 1
| #define HAVE_SYS_TYPES_H 1
| #define HAVE_SYS_STAT_H 1
| #define HAVE_STDLIB_H 1
| #define HAVE_STRING_H 1
| #define HAVE_MEMORY_H 1
| #define HAVE_STRINGS_H 1
| #define HAVE_INTTYPES_H 1
| #define HAVE_STDINT_H 1
| #define HAVE_UNISTD_H 1
| #define HAVE_DLFCN_H 1
| #define LT_OBJDIR ".libs/"
| #define PACKAGE "SDL_image"
| #define VERSION "1.2.12"
| #define LOAD_JPG 1
| #define LOAD_PNG 1
| /* end confdefs.h.  */
| #include <webp/decode.h>
configure:10500: result: no
configure:10500: checking for webp/decode.h
configure:10500: result: no
configure:10506: checking for WebPGetDecoderVersion in -lwebp
configure:10531: gcc -o conftest -I/usr/local/include/libpng16 -I/opt/lib/libjpeg-turbo/include -D_GNU_SOURCE=1 -D_REENTRANT -I/usr/include/SDL  -L/opt/lib/libjpeg-turbo/lib32 conftest.c -lwebp -lm -ljpeg  -lSDL >&5
/usr/bin/ld: cannot find -lwebp
collect2: error: ld returned 1 exit status
configure:10531: $? = 1
configure: failed program was:
| /* confdefs.h */
| #define PACKAGE_NAME ""
| #define PACKAGE_TARNAME ""
| #define PACKAGE_VERSION ""
| #define PACKAGE_STRING ""
| #define PACKAGE_BUGREPORT ""
| #define PACKAGE_URL ""
| #define STDC_HEADERS 1
| #define HAVE_SYS_TYPES_H 1
| #define HAVE_SYS_STAT_H 1
| #define HAVE_STDLIB_H 1
| #define HAVE_STRING_H 1
| #define HAVE_MEMORY_H 1
| #define HAVE_STRINGS_H 1
| #define HAVE_INTTYPES_H 1
| #define HAVE_STDINT_H 1
| #define HAVE_UNISTD_H 1
| #define HAVE_DLFCN_H 1
| #define LT_OBJDIR ".libs/"
| #define PACKAGE "SDL_image"
| #define VERSION "1.2.12"
| #define LOAD_JPG 1
| #define LOAD_PNG 1
| /* end confdefs.h.  */
| 
| /* Override any GCC internal prototype to avoid an error.
|    Use char because int might match the return type of a GCC
|    builtin and then its argument prototype would still apply.  */
| #ifdef __cplusplus
| extern "C"
| #endif
| char WebPGetDecoderVersion ();
| int
| main ()
| {
| return WebPGetDecoderVersion ();
|   ;
|   return 0;
| }
configure:10540: result: no
configure:10630: WARNING: *** Unable to find WEBP library (http://code.google.com/intl/en-US/speed/webp/index.html)
configure:10632: WARNING: WEBP Pimage loading disabled
configure:10638: checking libheif/heif.h usability
configure:10638: gcc -c -I/usr/local/include/libpng16 -I/opt/lib/libjpeg-turbo/include -D_GNU_SOURCE=1 -D_REENTRANT -I/usr/include/SDL  conftest.c >&5
configure:10638: $? = 0
configure:10638: result: yes
configure:10638: checking libheif/heif.h presence
configure:10638: gcc -E  conftest.c
configure:10638: $? = 0
configure:10638: result: yes
configure:10638: checking for libheif/heif.h
configure:10638: result: yes
configure:10644: checking for heif_context_alloc in -lheif
configure:10669: gcc -o conftest -I/usr/local/include/libpng16 -I/opt/lib/libjpeg-turbo/include -D_GNU_SOURCE=1 -D_REENTRANT -I/usr/include/SDL  -L/opt/lib/libjpeg-turbo/lib32 conftest.c -lheif  -ljpeg  -lSDL >&5
configure:10669: $? = 0
configure:10678: result: yes
configure:10962: checking that generated files are newer than configure
configure:10968: result: done
configure:11003: creating ./config.status

## ---------------- ##
## Cache variables. ##
## ---------------- ##

ac_cv_build=armv6l-unknown-linux-gnueabi
ac_cv_c_compiler_gnu=yes
ac_cv_c_inline=inline
ac_cv_env_CC_set=
ac_cv_env_CC_value=
ac_cv_env_CFLAGS_set=set
ac_cv_env_CFLAGS_value=-I/opt/lib/libjpeg-turbo/include
ac_cv_env_CPPFLAGS_set=
ac_cv_env_CPPFLAGS_value=
ac_cv_env_CPP_set=
ac_cv_env_CPP_value=
ac_cv_env_LDFLAGS_set=set
ac_cv_env_LDFLAGS_value=-L/opt/lib/libjpeg-turbo/lib32
ac_cv_env_LIBPNG_CFLAGS_set=
ac_cv_env_LIBPNG_CFLAGS_value=
ac_cv_env_LIBPNG_LIBS_set=
ac_cv_env_LIBPNG_LIBS_value=
ac_cv_env_LIBS_set=
ac_cv_env_LIBS_value=
ac_cv_env_LIBWEBP_CFLAGS_set=
ac_cv_env_LIBWEBP_CFLAGS_value=
ac_cv_env_LIBWEBP_LIBS_set=
ac_cv_env_LIBWEBP_LIBS_value=
ac_cv_env_OBJCFLAGS_set=
ac_cv_env_OBJCFLAGS_value=
ac_cv_env_OBJC_set=
ac_cv_env_OBJC_value=
ac_cv_env_PKG_CONFIG_set=
ac_cv_env_PKG_CONFIG_value=
ac_cv_env_SDL_CFLAGS_set=
ac_cv_env_SDL_CFLAGS_value=
ac_cv_env_SDL_LIBS_set=
ac_cv_env_SDL_LIBS_value=
ac_cv_env_build_alias_set=
ac_cv_env_build_alias_value=
ac_cv_env_host_alias_set=
ac_cv_env_host_alias_value=
ac_cv_env_target_alias_set=
ac_cv_env_target_alias_value=
ac_cv_header_dlfcn_h=yes
ac_cv_header_inttypes_h=yes
ac_cv_header_jpeglib_h=yes
ac_cv_header_libheif_heif_h=yes
ac_cv_header_memory_h=yes
ac_cv_header_stdc=yes
ac_cv_header_stdint_h=yes
ac_cv_header_stdlib_h=yes
ac_cv_header_string_h=yes
ac_cv_header_strings_h=yes
ac_cv_header_sys_stat_h=yes
ac_cv_header_sys_types_h=yes
ac_cv_header_tiffio_h=no
ac_cv_header_unistd_h=yes
ac_cv_header_webp_decode_h=no
ac_cv_host=armv6l-unknown-linux-gnueabi
ac_cv_lib_heif_heif_context_alloc=yes
ac_cv_lib_jpeg_jpeg_CreateDecompress=yes
ac_cv_lib_tiff_TIFFClientOpen=no
ac_cv_lib_webp_WebPGetDecoderVersion=no
ac_cv_objc_compiler_gnu=no
ac_cv_objext=o
ac_cv_path_EGREP='/bin/grep -E'
ac_cv_path_FGREP='/bin/grep -F'
ac_cv_path_GREP=/bin/grep
ac_cv_path_SED=/bin/sed
ac_cv_path_ac_pt_PKG_CONFIG=/usr/bin/pkg-config
ac_cv_path_install='/usr/bin/install -c'
ac_cv_path_mkdir=/bin/mkdir
ac_cv_prog_AWK=mawk
ac_cv_prog_CPP='gcc -E'
ac_cv_prog_ac_ct_AR=ar
ac_cv_prog_ac_ct_CC=gcc
ac_cv_prog_ac_ct_OBJC=gcc
ac_cv_prog_ac_ct_OBJDUMP=objdump
ac_cv_prog_ac_ct_RANLIB=ranlib
ac_cv_prog_ac_ct_STRIP=strip
ac_cv_prog_cc_c89=
ac_cv_prog_cc_g=yes
ac_cv_prog_make_make_set=yes
ac_cv_prog_objc_g=no
am_cv_CC_dependencies_compiler_type=gcc3
am_cv_OBJC_dependencies_compiler_type=gcc3
am_cv_make_support_nested_variables=yes
am_cv_prog_cc_c_o=yes
lt_cv_deplibs_check_method=pass_all
lt_cv_file_magic_cmd='$MAGIC_CMD'
lt_cv_file_magic_test_file=
lt_cv_ld_reload_flag=-r
lt_cv_nm_interface='BSD nm'
lt_cv_objdir=.libs
lt_cv_path_LD=/usr/bin/ld
lt_cv_path_NM='/usr/bin/nm -B'
lt_cv_prog_compiler_c_o=yes
lt_cv_prog_compiler_pic_works=yes
lt_cv_prog_compiler_rtti_exceptions=no
lt_cv_prog_compiler_static_works=yes
lt_cv_prog_gnu_ld=yes
lt_cv_sys_global_symbol_pipe='sed -n -e '\''s/^.*[	 ]\([ABCDGIRSTW][ABCDGIRSTW]*\)[	 ][	 ]*\([_A-Za-z][_A-Za-z0-9]*\)$/\1 \2 \2/p'\'''
lt_cv_sys_global_symbol_to_c_name_address='sed -n -e '\''s/^: \([^ ]*\) $/  {\"\1\", (void *) 0},/p'\'' -e '\''s/^[ABCDGIRSTW]* \([^ ]*\) \([^ ]*\)$/  {"\2", (void *) \&\2},/p'\'''
lt_cv_sys_global_symbol_to_c_name_address_lib_prefix='sed -n -e '\''s/^: \([^ ]*\) $/  {\"\1\", (void *) 0},/p'\'' -e '\''s/^[ABCDGIRSTW]* \([^ ]*\) \(lib[^ ]*\)$/  {"\2", (void *) \&\2},/p'\'' -e '\''s/^[ABCDGIRSTW]* \([^ ]*\) \([^ ]*\)$/  {"lib\2", (void *) \&\2},/p'\'''
lt_cv_sys_global_symbol_to_cdecl='sed -n -e '\''s/^T .* \(.*\)$/extern int \1();/p'\'' -e '\''s/^[ABCDGIRSTW]* .* \(.*\)$/extern char \1;/p'\'''
lt_cv_sys_max_cmd_len=1572864
pkg_cv_LIBPNG_CFLAGS=-I/usr/local/include/libpng16
pkg_cv_LIBPNG_LIBS='-L/usr/local/lib -lpng16 -lz'
pkg_cv_SDL_CFLAGS='-D_GNU_SOURCE=1 -D_REENTRANT -I/usr/include/SDL'
pkg_cv_SDL_LIBS=-lSDL

## ----------------- ##
## Output variables. ##
## ----------------- ##

ACLOCAL='aclocal-1.16'
AMDEPBACKSLASH='\'
AMDEP_FALSE='#'
AMDEP_TRUE=''
AMTAR='$${TAR-tar}'
AM_BACKSLASH='\'
AM_DEFAULT_V='$(AM_DEFAULT_VERBOSITY)'
AM_DEFAULT_VERBOSITY='1'
AM_V='$(V)'
AR='ar'
AS='as'
AUTOCONF='autoconf'
AUTOHEADER='autoheader'
AUTOMAKE='automake-1.16'
AWK='mawk'
BINARY_AGE='12'
CC='gcc'
CCDEPMODE='depmode=gcc3'
CFLAGS='-I/usr/local/include/libpng16 -I/opt/lib/libjpeg-turbo/include -D_GNU_SOURCE=1 -D_REENTRANT -I/usr/include/SDL'
CPP='gcc -E'
CPPFLAGS=''
CYGPATH_W='echo'
DEFS='-DPACKAGE_NAME=\"\" -DPACKAGE_TARNAME=\"\" -DPACKAGE_VERSION=\"\" -DPACKAGE_STRING=\"\" -DPACKAGE_BUGREPORT=\"\" -DPACKAGE_URL=\"\" -DSTDC_HEADERS=1 -DHAVE_SYS_TYPES_H=1 -DHAVE_SYS_STAT_H=1 -DHAVE_STDLIB_H=1 -DHAVE_STRING_H=1 -DHAVE_MEMORY_H=1 -DHAVE_STRINGS_H=1 -DHAVE_INTTYPES_H=1 -DHAVE_STDINT_H=1 -DHAVE_UNISTD_H=1 -DHAVE_DLFCN_H=1 -DLT_OBJDIR=\".libs/\" -DPACKAGE=\"SDL_image\" -DVERSION=\"1.2.12\" -DLOAD_JPG=1 -DLOAD_PNG=1 -DLOAD_HEIC=1 -DLOAD_BMP=1 -DLOAD_GIF=1 -DLOAD_LBM=1 -DLOAD_PCX=1 -DLOAD_PNM=1 -DLOAD_TGA=1 -DLOAD_XCF=1 -DLOAD_XPM=1 -DLOAD_XV=1'
DEPDIR='.deps'
DLLTOOL='dlltool'
DSYMUTIL=''
DUMPBIN=''
ECHO_C=''
ECHO_N='-n'
ECHO_T=''
EGREP='/bin/grep -E'
EXEEXT=''
FGREP='/bin/grep -F'
GREP='/bin/grep'
IMG_LIBS='-lheif -lz -lpng -lz -ljpeg '
INSTALL_DATA='${INSTALL} -m 644'
INSTALL_PROGRAM='${INSTALL}'
INSTALL_SCRIPT='${INSTALL}'
INSTALL_STRIP_PROGRAM='$(install_sh) -c -s'
INTERFACE_AGE='4'
LD='/usr/bin/ld'
LDFLAGS='-L/opt/lib/libjpeg-turbo/lib32'
LIBOBJS=''
LIBPNG_CFLAGS='-I/usr/local/include/libpng16'
LIBPNG_LIBS='-L/usr/local/lib -lpng16 -lz'
LIBS=' -lSDL'
LIBTOOL='$(SHELL) $(top_builddir)/libtool'
LIBWEBP_CFLAGS=''
LIBWEBP_LIBS=''
LIPO=''
LN_S='ln -s'
LTLIBOBJS=''
LT_AGE='8'
LT_CURRENT='8'
LT_RELEASE='1.2'
LT_REVISION='4'
MAJOR_VERSION='1'
MAKEINFO='makeinfo'
MICRO_VERSION='12'
MINOR_VERSION='2'
MKDIR_P='/bin/mkdir -p'
NM='/usr/bin/nm -B'
NMEDIT=''
OBJC='gcc'
OBJCDEPMODE='depmode=gcc3'
OBJCFLAGS='-I/usr/local/include/libpng16 -I/opt/lib/libjpeg-turbo/include -D_GNU_SOURCE=1 -D_REENTRANT -I/usr/include/SDL'
OBJDUMP='objdump'
OBJEXT='o'
OTOOL64=''
OTOOL=''
PACKAGE='SDL_image'
PACKAGE_BUGREPORT=''
PACKAGE_NAME=''
PACKAGE_STRING=''
PACKAGE_TARNAME=''
PACKAGE_URL=''
PACKAGE_VERSION=''
PATH_SEPARATOR=':'
PKG_CONFIG='/usr/bin/pkg-config'
RANLIB='ranlib'
SDL_CFLAGS='-D_GNU_SOURCE=1 -D_REENTRANT -I/usr/include/SDL'
SDL_CONFIG='pkg-config sdl'
SDL_LIBS='-lSDL'
SDL_VERSION='1.2.10'
SED='/bin/sed'
SET_MAKE=''
SHELL='/bin/bash'
STRIP='strip'
USE_IMAGEIO_FALSE=''
USE_IMAGEIO_TRUE='#'
USE_VERSION_RC_FALSE=''
USE_VERSION_RC_TRUE='#'
VERSION='1.2.12'
WINDRES=''
ac_ct_CC='gcc'
ac_ct_DUMPBIN=''
ac_ct_OBJC='gcc'
am__EXEEXT_FALSE=''
am__EXEEXT_TRUE='#'
am__fastdepCC_FALSE='#'
am__fastdepCC_TRUE=''
am__fastdepOBJC_FALSE='#'
am__fastdepOBJC_TRUE=''
am__include='include'
am__isrc=''
am__leading_dot='.'
am__nodep='_no'
am__quote=''
am__tar='$${TAR-tar} chof - "$$tardir"'
am__untar='$${TAR-tar} xf -'
bindir='${exec_prefix}/bin'
build='armv6l-unknown-linux-gnueabi'
build_alias=''
build_cpu='armv6l'
build_os='linux-gnueabi'
build_vendor='unknown'
datadir='${datarootdir}'
datarootdir='${prefix}/share'
docdir='${datarootdir}/doc/${PACKAGE}'
dvidir='${docdir}'
exec_prefix='${prefix}'
host='armv6l-unknown-linux-gnueabi'
host_alias=''
host_cpu='armv6l'
host_os='linux-gnueabi'
host_vendor='unknown'
htmldir='${docdir}'
includedir='${prefix}/include'
infodir='${datarootdir}/info'
install_sh='${SHELL} /home/pi/SDL_image-1.2.12/install-sh'
libdir='${exec_prefix}/lib'
libexecdir='${exec_prefix}/libexec'
localedir='${datarootdir}/locale'
localstatedir='${prefix}/var'
lt_ECHO='echo'
mandir='${datarootdir}/man'
mkdir_p='$(MKDIR_P)'
oldincludedir='/usr/include'
pdfdir='${docdir}'
prefix='/usr/local'
program_transform_name='s,x,x,'
psdir='${docdir}'
runstatedir='${localstatedir}/run'
sbindir='${exec_prefix}/sbin'
sharedstatedir='${prefix}/com'
sysconfdir='${prefix}/etc'
target_alias=''

## ----------- ##
## confdefs.h. ##
## ----------- ##

/* confdefs.h */
#define PACKAGE_NAME ""
#define PACKAGE_TARNAME ""
#define PACKAGE_VERSION ""
#define PACKAGE_STRING ""
#define PACKAGE_BUGREPORT ""
#define PACKAGE_URL ""
#define STDC_HEADERS 1
#define HAVE_SYS_TYPES_H 1
#define HAVE_SYS_STAT_H 1
#define HAVE_STDLIB_H 1
#define HAVE_STRING_H 1
#define HAVE_MEMORY_H 1
#define HAVE_STRINGS_H 1
#define HAVE_INTTYPES_H 1
#define HAVE_STDINT_H 1
#define HAVE_UNISTD_H 1
#define HAVE_DLFCN_H 1
#define LT_OBJDIR ".libs/"
#define PACKAGE "SDL_image"
#define VERSION "1.2.12"
#define LOAD_JPG 1
#define LOAD_PNG 1
#define LOAD_HEIC 1
#define LOAD_BMP 1
#define LOAD_GIF 1
#define LOAD_LBM 1
#define LOAD_PCX 1
#define LOAD_PNM 1
#define LOAD_TGA 1
#define LOAD_XCF 1
#define LOAD_XPM 1
#define LOAD_XV 1

configure: exit 0

## ---------------------- ##
## Running config.status. ##
## ---------------------- ##

This file was extended by config.status, which was
generated by GNU Autoconf 2.69.  Invocation command line was

  CONFIG_FILES    = 
  CONFIG_HEADERS  = 
  CONFIG_LINKS    = 
  CONFIG_COMMANDS = 
  $ ./config.status 

on raspberrypi-lomorage

config.status:1020: creating Makefile
config.status:1020: creating SDL_image.spec
config.status:1020: creating SDL_image.pc
config.status:1192: executing libtool commands
config.status:1192: executing depfiles commands
config.status:1910: cd .       && sed -e '/# am--include-marker/d' Makefile         | make -f - am--depfiles
make[1]: Entering directory '/home/pi/SDL_image-1.2.12'
make[1]: Nothing to be done for 'am--depfiles'.
make[1]: Leaving directory '/home/pi/SDL_image-1.2.12'
config.status:1915: $? = 0
